<?xml version="1.0" encoding="UTF-8"?>
<!-- Generated by org.testng.reporters.JUnitReportReporter -->
<testsuite hostname="LAPTOP-9VAIVGVE" failures="0" tests="1" name="Practise.CampaignAndContactRegionalRegressionTest" time="23.064" errors="0" timestamp="2025-07-30T12:20:35 IST" skipped="0">
  <testcase classname="Practise.CampaignAndContactRegionalRegressionTest" name="createCampaignTest" time="23.064"/>
</testsuite> <!-- Practise.CampaignAndContactRegionalRegressionTest -->
