<?xml version="1.0" encoding="UTF-8"?>
<!-- Generated by org.testng.reporters.JUnitReportReporter -->
<testsuite hostname="LAPTOP-9VAIVGVE" failures="0" tests="6" name="TestNG_Practise.SampleTest" time="0.011" errors="0" timestamp="2025-07-26T21:33:57 IST" skipped="0">
  <testcase classname="TestNG_Practise.SampleTest" name="deleteProduct" time="0.001"/>
  <testcase classname="TestNG_Practise.SampleTest" name="modifyProduct" time="0.001"/>
  <testcase classname="TestNG_Practise.SampleTest" name="modifyProduct" time="0.001"/>
  <testcase classname="TestNG_Practise.SampleTest" name="createProduct" time="0.007"/>
  <testcase classname="TestNG_Practise.SampleTest" name="modifyProduct" time="0.000"/>
  <testcase classname="TestNG_Practise.SampleTest" name="modifyProduct" time="0.001"/>
</testsuite> <!-- TestNG_Practise.SampleTest -->
