<?xml version="1.0" encoding="UTF-8"?>
<!-- Generated by org.testng.reporters.JUnitReportReporter -->
<testsuite hostname="LAPTOP-9VAIVGVE" failures="0" tests="1" name="Practise.OrganizationAndProductRegionalRegression" time="18.949" errors="0" timestamp="2025-07-30T12:20:35 IST" skipped="0">
  <testcase classname="Practise.OrganizationAndProductRegionalRegression" name="createProductTest" time="18.949"/>
</testsuite> <!-- Practise.OrganizationAndProductRegionalRegression -->
