<?xml version="1.0" encoding="UTF-8"?>
<!-- Generated by org.testng.reporters.JUnitReportReporter -->
<testsuite hostname="LAPTOP-9VAIVGVE" failures="0" tests="3" name="TestNG_Practise.DataProviderEx1" time="0.010" errors="0" timestamp="2025-07-25T08:37:08 IST" skipped="0">
  <testcase classname="TestNG_Practise.DataProviderEx1" name="BookTickets" time="0.001"/>
  <testcase classname="TestNG_Practise.DataProviderEx1" name="BookTickets" time="0.008"/>
  <testcase classname="TestNG_Practise.DataProviderEx1" name="BookTickets" time="0.001"/>
</testsuite> <!-- TestNG_Practise.DataProviderEx1 -->
