<?xml version="1.0" encoding="UTF-8"?>
<!-- Generated by org.testng.reporters.JUnitReportReporter -->
<testsuite hostname="LAPTOP-9VAIVGVE" failures="0" tests="1" name="Product.CreateProductTest" time="10.894" errors="0" timestamp="2025-08-01T11:25:57 IST" skipped="0">
  <testcase classname="Product.CreateProductTest" name="createProductTest" time="10.894"/>
</testsuite> <!-- Product.CreateProductTest -->
