<?xml version="1.0" encoding="UTF-8"?>
<!-- Generated by org.testng.reporters.JUnitReportReporter -->
<testsuite hostname="LAPTOP-9VAIVGVE" failures="0" tests="1" name="Campaign.CreateCampaignWithProductTest" time="21.254" errors="0" timestamp="2025-08-01T11:25:57 IST" skipped="0">
  <testcase classname="Campaign.CreateCampaignWithProductTest" name="createCampaignTest" time="21.254"/>
</testsuite> <!-- Campaign.CreateCampaignWithProductTest -->
